<?xml version="1.0" encoding="UTF-8"?>
<testsuite name="cachilupi.CachilupiTest" tests="2" skipped="0" failures="0" errors="0" timestamp="2015-05-08T01:43:47" hostname="hpdts-PC" time="0.007">
  <properties/>
  <testcase name="getNumberCountfromIndex" classname="cachilupi.CachilupiTest" time="0.006"/>
  <testcase name="getTrueWhenNumberisCachipuli" classname="cachilupi.CachilupiTest" time="0.0"/>
  <system-out><![CDATA[]]></system-out>
  <system-err><![CDATA[]]></system-err>
</testsuite>
